<?xml version="1.0" encoding="UTF-8"?>
<testsuite name="org.example.SILab2Test" tests="2" skipped="0" failures="0" errors="0" timestamp="2025-05-14T21:26:45" hostname="DESKTOP-ODPAHOP" time="0.015">
  <properties/>
  <testcase name="testEveryStatement()" classname="org.example.SILab2Test" time="0.012"/>
  <testcase name="testMultipleCondition()" classname="org.example.SILab2Test" time="0.001"/>
  <system-out><![CDATA[]]></system-out>
  <system-err><![CDATA[]]></system-err>
</testsuite>
